2025-03-01T23:00:00.017Z [info][Jobs]: Starting scheduled job: Plex Recently Added Scan 
2025-03-01T23:00:00.032Z [info][Plex Scan]: Scan starting {"sessionId":"3149d114-8488-49d5-b26a-59c662db31e9"}
2025-03-01T23:00:00.051Z [info][Plex Scan]: Beginning to process recently added for library: Films {"lastScan":1740869700068}
2025-03-01T23:00:00.075Z [info][Plex Scan]: Beginning to process recently added for library: Animés {"lastScan":1740869700103}
2025-03-01T23:00:00.111Z [info][Plex Scan]: Beginning to process recently added for library: Séries {"lastScan":1740869700146}
2025-03-01T23:00:00.153Z [info][Plex Scan]: Recently Added Scan Complete 
2025-03-01T23:03:08.185Z [info][Jobs]: Starting scheduled job: Plex Watchlist Sync 
2025-03-01T23:05:00.004Z [info][Jobs]: Starting scheduled job: Plex Recently Added Scan 
2025-03-01T23:05:00.005Z [info][Plex Scan]: Scan starting {"sessionId":"a19fceea-e708-434c-ac12-01fe1576d07d"}
2025-03-01T23:05:00.018Z [info][Plex Scan]: Beginning to process recently added for library: Films {"lastScan":1740870000075}
2025-03-01T23:05:00.045Z [info][Plex Scan]: Beginning to process recently added for library: Animés {"lastScan":1740870000110}
2025-03-01T23:05:00.076Z [info][Plex Scan]: Beginning to process recently added for library: Séries {"lastScan":1740870000153}
2025-03-01T23:05:00.116Z [info][Plex Scan]: Recently Added Scan Complete 
2025-03-01T23:10:00.011Z [info][Jobs]: Starting scheduled job: Plex Recently Added Scan 
2025-03-01T23:10:00.015Z [info][Plex Scan]: Scan starting {"sessionId":"0e88f644-1588-4ead-a870-d4cc761f135d"}
2025-03-01T23:10:00.035Z [info][Plex Scan]: Beginning to process recently added for library: Films {"lastScan":1740870300044}
2025-03-01T23:10:00.061Z [info][Plex Scan]: Beginning to process recently added for library: Animés {"lastScan":1740870300076}
2025-03-01T23:10:00.092Z [info][Plex Scan]: Beginning to process recently added for library: Séries {"lastScan":1740870300116}
2025-03-01T23:10:00.133Z [info][Plex Scan]: Recently Added Scan Complete 
2025-03-01T23:15:00.011Z [info][Jobs]: Starting scheduled job: Plex Recently Added Scan 
2025-03-01T23:15:00.013Z [info][Plex Scan]: Scan starting {"sessionId":"f0633f2b-c38c-4a44-9662-d90675ed0c83"}
2025-03-01T23:15:00.033Z [info][Plex Scan]: Beginning to process recently added for library: Films {"lastScan":1740870600060}
2025-03-01T23:15:00.063Z [info][Plex Scan]: Beginning to process recently added for library: Animés {"lastScan":1740870600092}
2025-03-01T23:15:00.094Z [info][Plex Scan]: Beginning to process recently added for library: Séries {"lastScan":1740870600133}
2025-03-01T23:15:00.137Z [info][Plex Scan]: Recently Added Scan Complete 
2025-03-01T23:20:00.010Z [info][Jobs]: Starting scheduled job: Plex Recently Added Scan 
2025-03-01T23:20:00.011Z [info][Plex Scan]: Scan starting {"sessionId":"50d2a8e4-e58c-4755-877d-a7c82fad0256"}
2025-03-01T23:20:00.039Z [info][Plex Scan]: Beginning to process recently added for library: Films {"lastScan":1740870900062}
2025-03-01T23:20:00.070Z [info][Plex Scan]: Beginning to process recently added for library: Animés {"lastScan":1740870900094}
2025-03-01T23:20:00.103Z [info][Plex Scan]: Beginning to process recently added for library: Séries {"lastScan":1740870900137}
2025-03-01T23:20:00.145Z [info][Plex Scan]: Recently Added Scan Complete 
2025-03-01T23:21:22.985Z [info][Jobs]: Starting scheduled job: Plex Watchlist Sync 
2025-03-01T23:25:00.006Z [info][Jobs]: Starting scheduled job: Plex Recently Added Scan 
2025-03-01T23:25:00.006Z [info][Plex Scan]: Scan starting {"sessionId":"d0d79fd6-b95e-4c39-8523-9f3c20aa74ba"}
2025-03-01T23:25:00.023Z [info][Plex Scan]: Beginning to process recently added for library: Films {"lastScan":1740871200069}
2025-03-01T23:25:00.060Z [info][Plex Scan]: Beginning to process recently added for library: Animés {"lastScan":1740871200102}
2025-03-01T23:25:00.092Z [info][Plex Scan]: Beginning to process recently added for library: Séries {"lastScan":1740871200145}
2025-03-01T23:25:00.137Z [info][Plex Scan]: Recently Added Scan Complete 
2025-03-01T23:30:00.018Z [info][Jobs]: Starting scheduled job: Plex Recently Added Scan 
2025-03-01T23:30:00.021Z [info][Plex Scan]: Scan starting {"sessionId":"aa618d80-7455-470a-b6d4-6796656667b3"}
2025-03-01T23:30:00.037Z [info][Plex Scan]: Beginning to process recently added for library: Films {"lastScan":1740871500059}
2025-03-01T23:30:00.060Z [info][Plex Scan]: Beginning to process recently added for library: Animés {"lastScan":1740871500092}
2025-03-01T23:30:00.092Z [info][Plex Scan]: Beginning to process recently added for library: Séries {"lastScan":1740871500136}
2025-03-01T23:30:00.135Z [info][Plex Scan]: Recently Added Scan Complete 
2025-03-01T23:35:00.009Z [info][Jobs]: Starting scheduled job: Plex Recently Added Scan 
2025-03-01T23:35:00.011Z [info][Plex Scan]: Scan starting {"sessionId":"0876b3e7-b748-45da-84e9-a24788c6194c"}
2025-03-01T23:35:00.026Z [info][Plex Scan]: Beginning to process recently added for library: Films {"lastScan":1740871800059}
2025-03-01T23:35:00.050Z [info][Plex Scan]: Beginning to process recently added for library: Animés {"lastScan":1740871800091}
2025-03-01T23:35:00.083Z [info][Plex Scan]: Beginning to process recently added for library: Séries {"lastScan":1740871800135}
2025-03-01T23:35:00.123Z [info][Plex Scan]: Recently Added Scan Complete 
2025-03-01T23:37:33.465Z [info][Jobs]: Starting scheduled job: Plex Watchlist Sync 
2025-03-01T23:40:00.008Z [info][Jobs]: Starting scheduled job: Plex Recently Added Scan 
2025-03-01T23:40:00.009Z [info][Plex Scan]: Scan starting {"sessionId":"63aa5178-d84e-4fba-a2cb-f0cddaccb429"}
2025-03-01T23:40:00.036Z [info][Plex Scan]: Beginning to process recently added for library: Films {"lastScan":1740872100049}
2025-03-01T23:40:00.066Z [info][Plex Scan]: Beginning to process recently added for library: Animés {"lastScan":1740872100082}
2025-03-01T23:40:00.099Z [info][Plex Scan]: Beginning to process recently added for library: Séries {"lastScan":1740872100123}
2025-03-01T23:40:00.145Z [info][Plex Scan]: Recently Added Scan Complete 
2025-03-01T23:45:00.006Z [info][Jobs]: Starting scheduled job: Plex Recently Added Scan 
2025-03-01T23:45:00.006Z [info][Plex Scan]: Scan starting {"sessionId":"bf76d9ce-d024-4f7d-9ed1-37abc0fe019f"}
2025-03-01T23:45:00.027Z [info][Plex Scan]: Beginning to process recently added for library: Films {"lastScan":1740872400065}
2025-03-01T23:45:00.061Z [info][Plex Scan]: Beginning to process recently added for library: Animés {"lastScan":1740872400099}
2025-03-01T23:45:00.103Z [info][Plex Scan]: Beginning to process recently added for library: Séries {"lastScan":1740872400145}
2025-03-01T23:45:00.145Z [info][Plex Scan]: Recently Added Scan Complete 
2025-03-01T23:50:00.014Z [info][Jobs]: Starting scheduled job: Plex Recently Added Scan 
2025-03-01T23:50:00.015Z [info][Plex Scan]: Scan starting {"sessionId":"b5f306b0-7ef5-4b4c-a498-f1b0af82d573"}
2025-03-01T23:50:00.025Z [info][Plex Scan]: Beginning to process recently added for library: Films {"lastScan":1740872700060}
2025-03-01T23:50:00.049Z [info][Plex Scan]: Beginning to process recently added for library: Animés {"lastScan":1740872700103}
2025-03-01T23:50:00.080Z [info][Plex Scan]: Beginning to process recently added for library: Séries {"lastScan":1740872700145}
2025-03-01T23:50:00.128Z [info][Plex Scan]: Recently Added Scan Complete 
2025-03-01T23:54:07.717Z [info][Jobs]: Starting scheduled job: Plex Watchlist Sync 
2025-03-01T23:55:00.016Z [info][Jobs]: Starting scheduled job: Plex Recently Added Scan 
2025-03-01T23:55:00.018Z [info][Plex Scan]: Scan starting {"sessionId":"75ba1e1a-9c41-4a43-ad8a-b855bfad6cfb"}
2025-03-01T23:55:00.034Z [info][Plex Scan]: Beginning to process recently added for library: Films {"lastScan":1740873000048}
2025-03-01T23:55:00.083Z [info][Plex Scan]: Beginning to process recently added for library: Animés {"lastScan":1740873000080}
2025-03-01T23:55:00.121Z [info][Plex Scan]: Beginning to process recently added for library: Séries {"lastScan":1740873000127}
2025-03-01T23:55:00.164Z [info][Plex Scan]: Recently Added Scan Complete 
2025-03-02T00:00:00.005Z [info][Jobs]: Starting scheduled job: Plex Recently Added Scan 
2025-03-02T00:00:00.006Z [info][Plex Scan]: Scan starting {"sessionId":"cd9e6308-cb26-4ef6-8fc6-110d03e632b5"}
2025-03-02T00:00:00.014Z [info][Jobs]: Starting scheduled job: Download Sync Reset 
2025-03-02T00:00:00.022Z [info][Plex Scan]: Beginning to process recently added for library: Films {"lastScan":1740873300083}
2025-03-02T00:00:00.047Z [info][Plex Scan]: Beginning to process recently added for library: Animés {"lastScan":1740873300120}
2025-03-02T00:00:00.079Z [info][Plex Scan]: Beginning to process recently added for library: Séries {"lastScan":1740873300164}
2025-03-02T00:00:00.120Z [info][Plex Scan]: Recently Added Scan Complete 
2025-03-02T00:05:00.011Z [info][Jobs]: Starting scheduled job: Plex Recently Added Scan 
2025-03-02T00:05:00.014Z [info][Plex Scan]: Scan starting {"sessionId":"12e0d24f-5fab-4169-ad9b-247a875b4b29"}
2025-03-02T00:05:00.029Z [error][Plex Scan]: Scan interrupted {"errorMessage":"connect ECONNREFUSED 192.168.1.10:32400"}
