2025-03-03T17:09:45.012Z [info]: Commit Tag: $GIT_SHA 
2025-03-03T17:09:46.381Z [info]: Starting Overseerr version 1.33.2 
2025-03-03T17:09:51.636Z [info][Notifications]: Registered notification agents 
2025-03-03T17:09:51.749Z [info][Jobs]: Scheduled jobs loaded 
2025-03-03T17:09:52.507Z [info][Server]: Server ready on port 5055 
2025-03-03T17:10:00.022Z [info][Jobs]: Starting scheduled job: Plex Recently Added Scan 
2025-03-03T17:10:00.027Z [info][Plex Scan]: Scan starting {"sessionId":"0981e7e5-a769-46f7-91d4-0635eed7b605"}
2025-03-03T17:10:00.624Z [error][Plex Scan]: Scan interrupted {"errorMessage":"connect ECONNREFUSED 192.168.1.10:32400"}
2025-03-03T17:15:02.144Z [info][Jobs]: Starting scheduled job: Plex Recently Added Scan 
2025-03-03T17:15:02.410Z [info][Plex Scan]: Scan starting {"sessionId":"43e01e0c-3021-4c20-9972-06b217fca333"}
2025-03-03T17:15:03.361Z [error][Plex Scan]: Scan interrupted {"errorMessage":"connect ECONNREFUSED 192.168.1.10:32400"}
2025-03-03T17:26:10.785Z [info]: Commit Tag: $GIT_SHA 
2025-03-03T17:26:11.547Z [info]: Starting Overseerr version 1.33.2 
2025-03-03T17:26:14.710Z [info][Notifications]: Registered notification agents 
2025-03-03T17:26:14.767Z [info][Jobs]: Scheduled jobs loaded 
2025-03-03T17:26:15.003Z [info][Server]: Server ready on port 5055 
2025-03-03T17:38:17.687Z [info]: Commit Tag: $GIT_SHA 
2025-03-03T17:38:18.992Z [info]: Starting Overseerr version 1.33.2 
2025-03-03T17:38:22.949Z [info][Notifications]: Registered notification agents 
2025-03-03T17:38:23.000Z [info][Jobs]: Scheduled jobs loaded 
2025-03-03T17:38:23.426Z [info][Server]: Server ready on port 5055 
2025-03-03T17:40:00.085Z [info][Jobs]: Starting scheduled job: Plex Recently Added Scan 
2025-03-03T17:40:00.203Z [info][Plex Scan]: Scan starting {"sessionId":"40133384-73e8-4c55-bfbc-93db29a26eee"}
2025-03-03T17:40:00.618Z [error][Plex Scan]: Scan interrupted {"errorMessage":"connect ECONNREFUSED 192.168.1.10:32400"}
2025-03-03T18:01:16.960Z [info][Jobs]: Starting scheduled job: Plex Recently Added Scan 
2025-03-03T18:01:17.122Z [info][Plex Scan]: Scan starting {"sessionId":"aaa1fb90-fa44-4d4d-a935-35069e1f76e4"}
2025-03-03T18:01:17.456Z [info][Jobs]: Starting scheduled job: Plex Recently Added Scan 
2025-03-03T18:01:17.458Z [info][Plex Scan]: Scan starting {"sessionId":"a6bb5cd6-c503-40cd-a283-19319efb5f80"}
2025-03-03T18:01:18.159Z [error][Plex Scan]: Scan interrupted {"errorMessage":"connect ECONNREFUSED 192.168.1.10:32400"}
2025-03-03T18:01:18.698Z [info][Jobs]: Starting scheduled job: Plex Recently Added Scan 
2025-03-03T18:01:18.707Z [info][Plex Scan]: Scan starting {"sessionId":"a6dcc4f5-2e7e-4331-876d-44f060cbd58f"}
2025-03-03T18:01:18.733Z [error][Plex Scan]: Scan interrupted {"errorMessage":"connect ECONNREFUSED 192.168.1.10:32400"}
2025-03-03T18:01:18.878Z [info][Jobs]: Starting scheduled job: Plex Watchlist Sync 
2025-03-03T18:01:19.196Z [info][Jobs]: Starting scheduled job: Plex Recently Added Scan 
2025-03-03T18:01:19.205Z [info][Plex Scan]: Scan starting {"sessionId":"9c56a54e-e3af-419b-9adf-fedd4ec6a226"}
2025-03-03T18:01:19.217Z [error][Plex Scan]: Scan interrupted {"errorMessage":"connect ECONNREFUSED 192.168.1.10:32400"}
2025-03-03T18:01:19.267Z [error][Plex Scan]: Scan interrupted {"errorMessage":"connect ECONNREFUSED 192.168.1.10:32400"}
2025-03-03T18:05:41.627Z [info]: Commit Tag: $GIT_SHA 
2025-03-03T18:05:43.027Z [info]: Starting Overseerr version 1.33.2 
2025-03-03T18:05:48.603Z [info][Notifications]: Registered notification agents 
2025-03-03T18:05:48.675Z [info][Jobs]: Scheduled jobs loaded 
2025-03-03T18:05:49.051Z [info][Server]: Server ready on port 5055 
2025-03-03T18:10:00.051Z [info][Jobs]: Starting scheduled job: Plex Recently Added Scan 
2025-03-03T18:10:00.111Z [info][Plex Scan]: Scan starting {"sessionId":"c75359f0-2084-4a2d-ae6c-1e45f9543c56"}
2025-03-03T18:10:00.212Z [error][Plex Scan]: Scan interrupted {"errorMessage":"connect ECONNREFUSED 192.168.1.10:32400"}
